# JRE version: OpenJDK Runtime Environment Temurin-17.0.2+8 (17.0.2+8) (build 17.0.2+8)
# Java VM: OpenJDK 64-Bit Server VM Temurin-17.0.2+8 (17.0.2+8, mixed mode, emulated-client, tiered, compressed oops, compressed class ptrs, g1 gc, windows-amd64)
GC Precious Log:
 CPUs: 8 total, 8 available
 Memory: 16180M
 Large Page Support: Disabled
 NUMA Support: Disabled
 Compressed Oops: Enabled (Zero based)
 Heap Region Size: 2M
 Heap Min Capacity: 8M
 Heap Initial Capacity: 254M
 Heap Max Capacity: 4046M
 Pre-touch: Disabled
 Parallel Workers: 8
 Concurrent Workers: 2
 Concurrent Refinement Workers: 8
 Periodic GC: Disabled
Heap:
 garbage-first heap   total 137216K, used 35636K [0x0000000703200000, 0x0000000800000000)
  region size 2048K, 13 young (26624K), 4 survivors (8192K)
 Metaspace       used 57485K, committed 57856K, reserved 1105920K
  class space    used 7588K, committed 7744K, reserved 1048576K
GC Heap History (20 events):
Event: 1.305 GC heap before
{Heap before GC invocations=4 (full 0):
 garbage-first heap   total 55296K, used 40682K [0x0000000703200000, 0x0000000800000000)
  region size 2048K, 19 young (38912K), 2 survivors (4096K)
 Metaspace       used 23159K, committed 23360K, reserved 1073152K
  class space    used 2647K, committed 2752K, reserved 1048576K
}
Event: 1.309 GC heap after
{Heap after GC invocations=5 (full 0):
 garbage-first heap   total 55296K, used 9471K [0x0000000703200000, 0x0000000800000000)
  region size 2048K, 2 young (4096K), 2 survivors (4096K)
 Metaspace       used 23159K, committed 23360K, reserved 1073152K
  class space    used 2647K, committed 2752K, reserved 1048576K
}
Event: 1.327 GC heap before
{Heap before GC invocations=5 (full 0):
 garbage-first heap   total 55296K, used 11519K [0x0000000703200000, 0x0000000800000000)
  region size 2048K, 3 young (6144K), 2 survivors (4096K)
 Metaspace       used 23303K, committed 23552K, reserved 1073152K
  class space    used 2678K, committed 2816K, reserved 1048576K
}
Event: 1.331 GC heap after
{Heap after GC invocations=6 (full 0):
 garbage-first heap   total 55296K, used 10073K [0x0000000703200000, 0x0000000800000000)
  region size 2048K, 1 young (2048K), 1 survivors (2048K)
 Metaspace       used 23303K, committed 23552K, reserved 1073152K
  class space    used 2678K, committed 2816K, reserved 1048576K
}
Event: 1.523 GC heap before
{Heap before GC invocations=6 (full 0):
 garbage-first heap   total 55296K, used 36697K [0x0000000703200000, 0x0000000800000000)
  region size 2048K, 14 young (28672K), 1 survivors (2048K)
 Metaspace       used 25335K, committed 25664K, reserved 1073152K
  class space    used 2985K, committed 3136K, reserved 1048576K
}
Event: 1.525 GC heap after
{Heap after GC invocations=7 (full 0):
 garbage-first heap   total 157696K, used 10447K [0x0000000703200000, 0x0000000800000000)
  region size 2048K, 1 young (2048K), 1 survivors (2048K)
 Metaspace       used 25335K, committed 25664K, reserved 1073152K
  class space    used 2985K, committed 3136K, reserved 1048576K
}
Event: 2.154 GC heap before
{Heap before GC invocations=7 (full 0):
 garbage-first heap   total 157696K, used 102607K [0x0000000703200000, 0x0000000800000000)
  region size 2048K, 46 young (94208K), 1 survivors (2048K)
 Metaspace       used 35775K, committed 36032K, reserved 1081344K
  class space    used 4368K, committed 4480K, reserved 1048576K
}
Event: 2.159 GC heap after
{Heap after GC invocations=8 (full 0):
 garbage-first heap   total 157696K, used 14494K [0x0000000703200000, 0x0000000800000000)
  region size 2048K, 3 young (6144K), 3 survivors (6144K)
 Metaspace       used 35775K, committed 36032K, reserved 1081344K
  class space    used 4368K, committed 4480K, reserved 1048576K
}
Event: 2.168 GC heap before
{Heap before GC invocations=8 (full 0):
 garbage-first heap   total 157696K, used 16542K [0x0000000703200000, 0x0000000800000000)
  region size 2048K, 5 young (10240K), 3 survivors (6144K)
 Metaspace       used 35859K, committed 36096K, reserved 1081344K
  class space    used 4382K, committed 4480K, reserved 1048576K
}
Event: 2.171 GC heap after
{Heap after GC invocations=9 (full 0):
 garbage-first heap   total 157696K, used 14785K [0x0000000703200000, 0x0000000800000000)
  region size 2048K, 3 young (6144K), 3 survivors (6144K)
 Metaspace       used 35859K, committed 36096K, reserved 1081344K
  class space    used 4382K, committed 4480K, reserved 1048576K
}
Event: 2.405 GC heap before
{Heap before GC invocations=10 (full 0):
 garbage-first heap   total 69632K, used 55745K [0x0000000703200000, 0x0000000800000000)
  region size 2048K, 24 young (49152K), 3 survivors (6144K)
 Metaspace       used 39357K, committed 39616K, reserved 1089536K
  class space    used 5045K, committed 5184K, reserved 1048576K
}
Event: 2.411 GC heap after
{Heap after GC invocations=11 (full 0):
 garbage-first heap   total 69632K, used 15562K [0x0000000703200000, 0x0000000800000000)
  region size 2048K, 3 young (6144K), 3 survivors (6144K)
 Metaspace       used 39357K, committed 39616K, reserved 1089536K
  class space    used 5045K, committed 5184K, reserved 1048576K
}
Event: 2.428 GC heap before
{Heap before GC invocations=11 (full 0):
 garbage-first heap   total 69632K, used 15562K [0x0000000703200000, 0x0000000800000000)
  region size 2048K, 4 young (8192K), 3 survivors (6144K)
 Metaspace       used 39525K, committed 39808K, reserved 1089536K
  class space    used 5066K, committed 5184K, reserved 1048576K
}
Event: 2.434 GC heap after
{Heap after GC invocations=12 (full 0):
 garbage-first heap   total 69632K, used 15890K [0x0000000703200000, 0x0000000800000000)
  region size 2048K, 1 young (2048K), 1 survivors (2048K)
 Metaspace       used 39525K, committed 39808K, reserved 1089536K
  class space    used 5066K, committed 5184K, reserved 1048576K
}
Event: 2.659 GC heap before
{Heap before GC invocations=12 (full 0):
 garbage-first heap   total 69632K, used 54802K [0x0000000703200000, 0x0000000800000000)
  region size 2048K, 20 young (40960K), 1 survivors (2048K)
 Metaspace       used 43215K, committed 43520K, reserved 1089536K
  class space    used 5581K, committed 5760K, reserved 1048576K
}
Event: 2.662 GC heap after
{Heap after GC invocations=13 (full 0):
 garbage-first heap   total 137216K, used 15936K [0x0000000703200000, 0x0000000800000000)
  region size 2048K, 1 young (2048K), 1 survivors (2048K)
 Metaspace       used 43215K, committed 43520K, reserved 1089536K
  class space    used 5581K, committed 5760K, reserved 1048576K
}
Event: 3.288 GC heap before
{Heap before GC invocations=13 (full 0):
 garbage-first heap   total 137216K, used 95808K [0x0000000703200000, 0x0000000800000000)
  region size 2048K, 40 young (81920K), 1 survivors (2048K)
 Metaspace       used 49685K, committed 50048K, reserved 1097728K
  class space    used 6606K, committed 6784K, reserved 1048576K
}
Event: 3.293 GC heap after
{Heap after GC invocations=14 (full 0):
 garbage-first heap   total 137216K, used 18453K [0x0000000703200000, 0x0000000800000000)
  region size 2048K, 3 young (6144K), 3 survivors (6144K)
 Metaspace       used 49685K, committed 50048K, reserved 1097728K
  class space    used 6606K, committed 6784K, reserved 1048576K
}
Event: 3.698 GC heap before
{Heap before GC invocations=14 (full 0):
 garbage-first heap   total 137216K, used 94229K [0x0000000703200000, 0x0000000800000000)
  region size 2048K, 40 young (81920K), 3 survivors (6144K)
 Metaspace       used 55855K, committed 56256K, reserved 1097728K
  class space    used 7382K, committed 7552K, reserved 1048576K
}
Event: 3.704 GC heap after
{Heap after GC invocations=15 (full 0):
 garbage-first heap   total 137216K, used 21300K [0x0000000703200000, 0x0000000800000000)
  region size 2048K, 4 young (8192K), 4 survivors (8192K)
 Metaspace       used 55855K, committed 56256K, reserved 1097728K
  class space    used 7382K, committed 7552K, reserved 1048576K
}

