# JRE version: OpenJDK Runtime Environment Temurin-17.0.2+8 (17.0.2+8) (build 17.0.2+8)
# Java VM: OpenJDK 64-Bit Server VM Temurin-17.0.2+8 (17.0.2+8, mixed mode, emulated-client, tiered, compressed oops, compressed class ptrs, g1 gc, windows-amd64)
GC Precious Log:
 CPUs: 8 total, 8 available
 Memory: 16180M
 Large Page Support: Disabled
 NUMA Support: Disabled
 Compressed Oops: Enabled (Zero based)
 Heap Region Size: 2M
 Heap Min Capacity: 8M
 Heap Initial Capacity: 254M
 Heap Max Capacity: 4046M
 Pre-touch: Disabled
 Parallel Workers: 8
 Concurrent Workers: 2
 Concurrent Refinement Workers: 8
 Periodic GC: Disabled
Heap:
 garbage-first heap   total 139264K, used 46985K [0x0000000703200000, 0x0000000800000000)
  region size 2048K, 18 young (36864K), 4 survivors (8192K)
 Metaspace       used 58135K, committed 58496K, reserved 1105920K
  class space    used 7685K, committed 7872K, reserved 1048576K
GC Heap History (20 events):
Event: 1.257 GC heap before
{Heap before GC invocations=4 (full 0):
 garbage-first heap   total 40960K, used 26365K [0x0000000703200000, 0x0000000800000000)
  region size 2048K, 13 young (26624K), 2 survivors (4096K)
 Metaspace       used 22753K, committed 22976K, reserved 1073152K
  class space    used 2586K, committed 2688K, reserved 1048576K
}
Event: 1.260 GC heap after
{Heap after GC invocations=5 (full 0):
 garbage-first heap   total 40960K, used 8861K [0x0000000703200000, 0x0000000800000000)
  region size 2048K, 2 young (4096K), 2 survivors (4096K)
 Metaspace       used 22753K, committed 22976K, reserved 1073152K
  class space    used 2586K, committed 2688K, reserved 1048576K
}
Event: 1.273 GC heap before
{Heap before GC invocations=5 (full 0):
 garbage-first heap   total 40960K, used 10909K [0x0000000703200000, 0x0000000800000000)
  region size 2048K, 3 young (6144K), 2 survivors (4096K)
 Metaspace       used 22839K, committed 23040K, reserved 1073152K
  class space    used 2597K, committed 2688K, reserved 1048576K
}
Event: 1.277 GC heap after
{Heap after GC invocations=6 (full 0):
 garbage-first heap   total 40960K, used 8912K [0x0000000703200000, 0x0000000800000000)
  region size 2048K, 1 young (2048K), 1 survivors (2048K)
 Metaspace       used 22839K, committed 23040K, reserved 1073152K
  class space    used 2597K, committed 2688K, reserved 1048576K
}
Event: 1.399 GC heap before
{Heap before GC invocations=6 (full 0):
 garbage-first heap   total 40960K, used 27344K [0x0000000703200000, 0x0000000800000000)
  region size 2048K, 10 young (20480K), 1 survivors (2048K)
 Metaspace       used 23757K, committed 24000K, reserved 1073152K
  class space    used 2751K, committed 2880K, reserved 1048576K
}
Event: 1.402 GC heap after
{Heap after GC invocations=7 (full 0):
 garbage-first heap   total 151552K, used 9638K [0x0000000703200000, 0x0000000800000000)
  region size 2048K, 1 young (2048K), 1 survivors (2048K)
 Metaspace       used 23757K, committed 24000K, reserved 1073152K
  class space    used 2751K, committed 2880K, reserved 1048576K
}
Event: 2.089 GC heap before
{Heap before GC invocations=7 (full 0):
 garbage-first heap   total 151552K, used 97702K [0x0000000703200000, 0x0000000800000000)
  region size 2048K, 44 young (90112K), 1 survivors (2048K)
 Metaspace       used 33945K, committed 34240K, reserved 1081344K
  class space    used 4082K, committed 4224K, reserved 1048576K
}
Event: 2.095 GC heap after
{Heap after GC invocations=8 (full 0):
 garbage-first heap   total 151552K, used 13525K [0x0000000703200000, 0x0000000800000000)
  region size 2048K, 3 young (6144K), 3 survivors (6144K)
 Metaspace       used 33945K, committed 34240K, reserved 1081344K
  class space    used 4082K, committed 4224K, reserved 1048576K
}
Event: 2.212 GC heap before
{Heap before GC invocations=8 (full 0):
 garbage-first heap   total 151552K, used 40149K [0x0000000703200000, 0x0000000800000000)
  region size 2048K, 17 young (34816K), 3 survivors (6144K)
 Metaspace       used 35894K, committed 36096K, reserved 1081344K
  class space    used 4393K, committed 4480K, reserved 1048576K
}
Event: 2.218 GC heap after
{Heap after GC invocations=9 (full 0):
 garbage-first heap   total 151552K, used 14654K [0x0000000703200000, 0x0000000800000000)
  region size 2048K, 4 young (8192K), 4 survivors (8192K)
 Metaspace       used 35894K, committed 36096K, reserved 1081344K
  class space    used 4393K, committed 4480K, reserved 1048576K
}
Event: 2.464 GC heap before
{Heap before GC invocations=10 (full 0):
 garbage-first heap   total 69632K, used 55614K [0x0000000703200000, 0x0000000800000000)
  region size 2048K, 25 young (51200K), 4 survivors (8192K)
 Metaspace       used 39529K, committed 39808K, reserved 1089536K
  class space    used 5069K, committed 5248K, reserved 1048576K
}
Event: 2.471 GC heap after
{Heap after GC invocations=11 (full 0):
 garbage-first heap   total 69632K, used 15675K [0x0000000703200000, 0x0000000800000000)
  region size 2048K, 4 young (8192K), 4 survivors (8192K)
 Metaspace       used 39529K, committed 39808K, reserved 1089536K
  class space    used 5069K, committed 5248K, reserved 1048576K
}
Event: 2.482 GC heap before
{Heap before GC invocations=11 (full 0):
 garbage-first heap   total 69632K, used 17723K [0x0000000703200000, 0x0000000800000000)
  region size 2048K, 5 young (10240K), 4 survivors (8192K)
 Metaspace       used 39702K, committed 40000K, reserved 1089536K
  class space    used 5090K, committed 5248K, reserved 1048576K
}
Event: 2.488 GC heap after
{Heap after GC invocations=12 (full 0):
 garbage-first heap   total 69632K, used 15260K [0x0000000703200000, 0x0000000800000000)
  region size 2048K, 1 young (2048K), 1 survivors (2048K)
 Metaspace       used 39702K, committed 40000K, reserved 1089536K
  class space    used 5090K, committed 5248K, reserved 1048576K
}
Event: 2.734 GC heap before
{Heap before GC invocations=12 (full 0):
 garbage-first heap   total 69632K, used 54172K [0x0000000703200000, 0x0000000800000000)
  region size 2048K, 20 young (40960K), 1 survivors (2048K)
 Metaspace       used 43308K, committed 43584K, reserved 1089536K
  class space    used 5592K, committed 5760K, reserved 1048576K
}
Event: 2.738 GC heap after
{Heap after GC invocations=13 (full 0):
 garbage-first heap   total 139264K, used 16272K [0x0000000703200000, 0x0000000800000000)
  region size 2048K, 2 young (4096K), 2 survivors (4096K)
 Metaspace       used 43308K, committed 43584K, reserved 1089536K
  class space    used 5592K, committed 5760K, reserved 1048576K
}
Event: 3.337 GC heap before
{Heap before GC invocations=13 (full 0):
 garbage-first heap   total 139264K, used 94096K [0x0000000703200000, 0x0000000800000000)
  region size 2048K, 40 young (81920K), 2 survivors (4096K)
 Metaspace       used 49676K, committed 49920K, reserved 1097728K
  class space    used 6584K, committed 6720K, reserved 1048576K
}
Event: 3.343 GC heap after
{Heap after GC invocations=14 (full 0):
 garbage-first heap   total 139264K, used 17941K [0x0000000703200000, 0x0000000800000000)
  region size 2048K, 2 young (4096K), 2 survivors (4096K)
 Metaspace       used 49676K, committed 49920K, reserved 1097728K
  class space    used 6584K, committed 6720K, reserved 1048576K
}
Event: 3.773 GC heap before
{Heap before GC invocations=14 (full 0):
 garbage-first heap   total 139264K, used 95765K [0x0000000703200000, 0x0000000800000000)
  region size 2048K, 40 young (81920K), 2 survivors (4096K)
 Metaspace       used 56035K, committed 56384K, reserved 1097728K
  class space    used 7419K, committed 7616K, reserved 1048576K
}
Event: 3.778 GC heap after
{Heap after GC invocations=15 (full 0):
 garbage-first heap   total 139264K, used 20361K [0x0000000703200000, 0x0000000800000000)
  region size 2048K, 4 young (8192K), 4 survivors (8192K)
 Metaspace       used 56035K, committed 56384K, reserved 1097728K
  class space    used 7419K, committed 7616K, reserved 1048576K
}

